<?xml version="1.0" encoding="UTF-8"?>
<testng-results ignored="0" total="1" passed="1" failed="0" skipped="0">
  <reporter-output>
  </reporter-output>
  <suite started-at="2026-03-04T15:58:35 IST" name="Default suite" finished-at="2026-03-04T15:58:39 IST" duration-ms="4185">
    <groups>
    </groups>
    <test started-at="2026-03-04T15:58:35 IST" name="Default test" finished-at="2026-03-04T15:58:39 IST" duration-ms="4185">
      <class name="freshStart.scrolling">
        <test-method signature="scrolling()[pri:0, instance:freshStart.scrolling@4218d6a3]" started-at="2026-03-04T15:58:35 IST" name="scrolling" finished-at="2026-03-04T15:58:39 IST" duration-ms="4090" status="PASS">
          <reporter-output>
          </reporter-output>
        </test-method> <!-- scrolling -->
      </class> <!-- freshStart.scrolling -->
    </test> <!-- Default test -->
  </suite> <!-- Default suite -->
</testng-results>
